{"C:\\Users\\shwet\\Desktop\\ASEProject\\ReadySetRun\\bookshelf.js": {"path":"C:\\Users\\shwet\\Desktop\\ASEProject\\ReadySetRun\\bookshelf.js","statementMap":{"0":{"start":{"line":1,"column":13},"end":{"line":1,"column":73}},"1":{"start":{"line":2,"column":18},"end":{"line":2,"column":44}},"2":{"start":{"line":3,"column":0},"end":{"line":3,"column":29}},"3":{"start":{"line":6,"column":0},"end":{"line":6,"column":26}}},"fnMap":{},"branchMap":{},"s":{"0":4,"1":4,"2":4,"3":4},"f":{},"b":{},"_coverageSchema":"43e27e138ebf9cfc5966b082cf9a028302ed4184","hash":"8a2ec237f03435b4901fff34904ac8d8a2d53b64"}
,"C:\\Users\\shwet\\Desktop\\ASEProject\\ReadySetRun\\knexfile.js": {"path":"C:\\Users\\shwet\\Desktop\\ASEProject\\ReadySetRun\\knexfile.js","statementMap":{"0":{"start":{"line":3,"column":0},"end":{"line":60,"column":2}}},"fnMap":{},"branchMap":{},"s":{"0":4},"f":{},"b":{},"_coverageSchema":"43e27e138ebf9cfc5966b082cf9a028302ed4184","hash":"b489eac143d8a2e8700d619167df7e870afad178"}
,"C:\\Users\\shwet\\Desktop\\ASEProject\\ReadySetRun\\db\\ready_race_run.js": {"path":"C:\\Users\\shwet\\Desktop\\ASEProject\\ReadySetRun\\db\\ready_race_run.js","statementMap":{"0":{"start":{"line":1,"column":18},"end":{"line":1,"column":41}},"1":{"start":{"line":2,"column":11},"end":{"line":2,"column":24}},"2":{"start":{"line":5,"column":13},"end":{"line":10,"column":2}},"3":{"start":{"line":8,"column":4},"end":{"line":8,"column":36}},"4":{"start":{"line":12,"column":13},"end":{"line":17,"column":2}},"5":{"start":{"line":15,"column":6},"end":{"line":15,"column":38}},"6":{"start":{"line":18,"column":21},"end":{"line":23,"column":2}},"7":{"start":{"line":21,"column":6},"end":{"line":21,"column":52}},"8":{"start":{"line":24,"column":20},"end":{"line":26,"column":2}},"9":{"start":{"line":27,"column":20},"end":{"line":29,"column":2}},"10":{"start":{"line":30,"column":27},"end":{"line":35,"column":2}},"11":{"start":{"line":33,"column":6},"end":{"line":33,"column":46}},"12":{"start":{"line":36,"column":0},"end":{"line":43,"column":1}}},"fnMap":{"0":{"name":"(anonymous_0)","decl":{"start":{"line":7,"column":9},"end":{"line":7,"column":10}},"loc":{"start":{"line":7,"column":20},"end":{"line":9,"column":3}},"line":7},"1":{"name":"(anonymous_1)","decl":{"start":{"line":14,"column":11},"end":{"line":14,"column":12}},"loc":{"start":{"line":14,"column":22},"end":{"line":16,"column":5}},"line":14},"2":{"name":"(anonymous_2)","decl":{"start":{"line":20,"column":21},"end":{"line":20,"column":22}},"loc":{"start":{"line":20,"column":32},"end":{"line":22,"column":5}},"line":20},"3":{"name":"(anonymous_3)","decl":{"start":{"line":32,"column":20},"end":{"line":32,"column":21}},"loc":{"start":{"line":32,"column":31},"end":{"line":34,"column":5}},"line":32}},"branchMap":{},"s":{"0":4,"1":4,"2":4,"3":0,"4":4,"5":0,"6":4,"7":0,"8":4,"9":4,"10":4,"11":0,"12":4},"f":{"0":0,"1":0,"2":0,"3":0},"b":{},"_coverageSchema":"43e27e138ebf9cfc5966b082cf9a028302ed4184","hash":"baf003b9f98ed93ba8575667c2b5d84ca77c0b53"}
,"C:\\Users\\shwet\\Desktop\\ASEProject\\ReadySetRun\\routes\\index.js": {"path":"C:\\Users\\shwet\\Desktop\\ASEProject\\ReadySetRun\\routes\\index.js","statementMap":{"0":{"start":{"line":1,"column":16},"end":{"line":1,"column":34}},"1":{"start":{"line":2,"column":15},"end":{"line":2,"column":31}},"2":{"start":{"line":3,"column":21},"end":{"line":3,"column":52}},"3":{"start":{"line":4,"column":26},"end":{"line":4,"column":52}},"4":{"start":{"line":5,"column":51},"end":{"line":5,"column":102}},"5":{"start":{"line":8,"column":0},"end":{"line":11,"column":3}},"6":{"start":{"line":9,"column":2},"end":{"line":9,"column":33}},"7":{"start":{"line":10,"column":2},"end":{"line":10,"column":58}},"8":{"start":{"line":13,"column":0},"end":{"line":16,"column":3}},"9":{"start":{"line":14,"column":2},"end":{"line":14,"column":33}},"10":{"start":{"line":15,"column":2},"end":{"line":15,"column":66}},"11":{"start":{"line":18,"column":0},"end":{"line":29,"column":3}},"12":{"start":{"line":19,"column":3},"end":{"line":28,"column":7}},"13":{"start":{"line":22,"column":6},"end":{"line":22,"column":37}},"14":{"start":{"line":23,"column":6},"end":{"line":23,"column":103}},"15":{"start":{"line":26,"column":6},"end":{"line":26,"column":23}},"16":{"start":{"line":27,"column":6},"end":{"line":27,"column":32}},"17":{"start":{"line":31,"column":0},"end":{"line":41,"column":3}},"18":{"start":{"line":32,"column":3},"end":{"line":40,"column":5}},"19":{"start":{"line":34,"column":6},"end":{"line":34,"column":37}},"20":{"start":{"line":35,"column":6},"end":{"line":35,"column":99}},"21":{"start":{"line":38,"column":6},"end":{"line":38,"column":23}},"22":{"start":{"line":39,"column":6},"end":{"line":39,"column":32}},"23":{"start":{"line":43,"column":0},"end":{"line":53,"column":3}},"24":{"start":{"line":44,"column":3},"end":{"line":52,"column":5}},"25":{"start":{"line":46,"column":6},"end":{"line":46,"column":37}},"26":{"start":{"line":47,"column":6},"end":{"line":47,"column":103}},"27":{"start":{"line":50,"column":6},"end":{"line":50,"column":23}},"28":{"start":{"line":51,"column":6},"end":{"line":51,"column":32}},"29":{"start":{"line":55,"column":0},"end":{"line":67,"column":3}},"30":{"start":{"line":56,"column":2},"end":{"line":66,"column":4}},"31":{"start":{"line":58,"column":5},"end":{"line":58,"column":36}},"32":{"start":{"line":59,"column":5},"end":{"line":59,"column":48}},"33":{"start":{"line":60,"column":5},"end":{"line":61,"column":66}},"34":{"start":{"line":64,"column":5},"end":{"line":64,"column":22}},"35":{"start":{"line":65,"column":5},"end":{"line":65,"column":31}},"36":{"start":{"line":70,"column":0},"end":{"line":70,"column":24}}},"fnMap":{"0":{"name":"(anonymous_0)","decl":{"start":{"line":8,"column":16},"end":{"line":8,"column":17}},"loc":{"start":{"line":8,"column":36},"end":{"line":11,"column":1}},"line":8},"1":{"name":"(anonymous_1)","decl":{"start":{"line":13,"column":40},"end":{"line":13,"column":41}},"loc":{"start":{"line":13,"column":59},"end":{"line":16,"column":1}},"line":13},"2":{"name":"(anonymous_2)","decl":{"start":{"line":18,"column":33},"end":{"line":18,"column":34}},"loc":{"start":{"line":18,"column":47},"end":{"line":29,"column":1}},"line":18},"3":{"name":"(anonymous_3)","decl":{"start":{"line":21,"column":11},"end":{"line":21,"column":12}},"loc":{"start":{"line":21,"column":25},"end":{"line":24,"column":5}},"line":21},"4":{"name":"(anonymous_4)","decl":{"start":{"line":25,"column":11},"end":{"line":25,"column":12}},"loc":{"start":{"line":25,"column":18},"end":{"line":28,"column":5}},"line":25},"5":{"name":"(anonymous_5)","decl":{"start":{"line":31,"column":22},"end":{"line":31,"column":23}},"loc":{"start":{"line":31,"column":36},"end":{"line":41,"column":1}},"line":31},"6":{"name":"(anonymous_6)","decl":{"start":{"line":33,"column":9},"end":{"line":33,"column":10}},"loc":{"start":{"line":33,"column":24},"end":{"line":36,"column":3}},"line":33},"7":{"name":"(anonymous_7)","decl":{"start":{"line":37,"column":9},"end":{"line":37,"column":10}},"loc":{"start":{"line":37,"column":16},"end":{"line":40,"column":3}},"line":37},"8":{"name":"(anonymous_8)","decl":{"start":{"line":43,"column":27},"end":{"line":43,"column":28}},"loc":{"start":{"line":43,"column":41},"end":{"line":53,"column":1}},"line":43},"9":{"name":"(anonymous_9)","decl":{"start":{"line":45,"column":9},"end":{"line":45,"column":10}},"loc":{"start":{"line":45,"column":24},"end":{"line":48,"column":3}},"line":45},"10":{"name":"(anonymous_10)","decl":{"start":{"line":49,"column":9},"end":{"line":49,"column":10}},"loc":{"start":{"line":49,"column":16},"end":{"line":52,"column":3}},"line":49},"11":{"name":"(anonymous_11)","decl":{"start":{"line":55,"column":28},"end":{"line":55,"column":29}},"loc":{"start":{"line":55,"column":42},"end":{"line":67,"column":1}},"line":55},"12":{"name":"(anonymous_12)","decl":{"start":{"line":57,"column":8},"end":{"line":57,"column":9}},"loc":{"start":{"line":57,"column":23},"end":{"line":62,"column":2}},"line":57},"13":{"name":"(anonymous_13)","decl":{"start":{"line":63,"column":8},"end":{"line":63,"column":9}},"loc":{"start":{"line":63,"column":15},"end":{"line":66,"column":2}},"line":63}},"branchMap":{},"s":{"0":1,"1":1,"2":1,"3":1,"4":1,"5":1,"6":0,"7":0,"8":1,"9":0,"10":0,"11":1,"12":0,"13":0,"14":0,"15":0,"16":0,"17":1,"18":0,"19":0,"20":0,"21":0,"22":0,"23":1,"24":0,"25":0,"26":0,"27":0,"28":0,"29":1,"30":0,"31":0,"32":0,"33":0,"34":0,"35":0,"36":1},"f":{"0":0,"1":0,"2":0,"3":0,"4":0,"5":0,"6":0,"7":0,"8":0,"9":0,"10":0,"11":0,"12":0,"13":0},"b":{},"_coverageSchema":"43e27e138ebf9cfc5966b082cf9a028302ed4184","hash":"d97735b0994ffea099fee16f0f1d03c09620853b"}
,"C:\\Users\\shwet\\Desktop\\ASEProject\\ReadySetRun\\routes\\race.js": {"path":"C:\\Users\\shwet\\Desktop\\ASEProject\\ReadySetRun\\routes\\race.js","statementMap":{"0":{"start":{"line":1,"column":16},"end":{"line":1,"column":34}},"1":{"start":{"line":2,"column":15},"end":{"line":2,"column":31}},"2":{"start":{"line":3,"column":28},"end":{"line":3,"column":59}},"3":{"start":{"line":4,"column":33},"end":{"line":4,"column":84}},"4":{"start":{"line":5,"column":60},"end":{"line":5,"column":86}},"5":{"start":{"line":6,"column":26},"end":{"line":6,"column":52}},"6":{"start":{"line":7,"column":13},"end":{"line":7,"column":74}},"7":{"start":{"line":9,"column":0},"end":{"line":16,"column":3}},"8":{"start":{"line":10,"column":13},"end":{"line":10,"column":36}},"9":{"start":{"line":11,"column":18},"end":{"line":11,"column":43}},"10":{"start":{"line":12,"column":2},"end":{"line":12,"column":41}},"11":{"start":{"line":13,"column":2},"end":{"line":13,"column":32}},"12":{"start":{"line":15,"column":2},"end":{"line":15,"column":203}},"13":{"start":{"line":18,"column":0},"end":{"line":30,"column":3}},"14":{"start":{"line":19,"column":4},"end":{"line":19,"column":35}},"15":{"start":{"line":20,"column":17},"end":{"line":20,"column":73}},"16":{"start":{"line":22,"column":4},"end":{"line":22,"column":70}},"17":{"start":{"line":23,"column":4},"end":{"line":23,"column":43}},"18":{"start":{"line":24,"column":4},"end":{"line":24,"column":34}},"19":{"start":{"line":26,"column":4},"end":{"line":29,"column":71}},"20":{"start":{"line":32,"column":0},"end":{"line":36,"column":3}},"21":{"start":{"line":33,"column":2},"end":{"line":33,"column":33}},"22":{"start":{"line":34,"column":2},"end":{"line":34,"column":43}},"23":{"start":{"line":35,"column":2},"end":{"line":35,"column":203}},"24":{"start":{"line":38,"column":0},"end":{"line":63,"column":3}},"25":{"start":{"line":39,"column":2},"end":{"line":39,"column":33}},"26":{"start":{"line":40,"column":2},"end":{"line":40,"column":43}},"27":{"start":{"line":41,"column":2},"end":{"line":41,"column":54}},"28":{"start":{"line":43,"column":2},"end":{"line":50,"column":17}},"29":{"start":{"line":52,"column":2},"end":{"line":62,"column":7}},"30":{"start":{"line":55,"column":8},"end":{"line":55,"column":50}},"31":{"start":{"line":56,"column":22},"end":{"line":56,"column":60}},"32":{"start":{"line":57,"column":8},"end":{"line":57,"column":30}},"33":{"start":{"line":60,"column":8},"end":{"line":60,"column":25}},"34":{"start":{"line":61,"column":8},"end":{"line":61,"column":28}},"35":{"start":{"line":65,"column":0},"end":{"line":77,"column":5}},"36":{"start":{"line":66,"column":2},"end":{"line":66,"column":28}},"37":{"start":{"line":67,"column":5},"end":{"line":76,"column":9}},"38":{"start":{"line":70,"column":8},"end":{"line":70,"column":39}},"39":{"start":{"line":71,"column":8},"end":{"line":71,"column":108}},"40":{"start":{"line":74,"column":8},"end":{"line":74,"column":25}},"41":{"start":{"line":75,"column":8},"end":{"line":75,"column":34}},"42":{"start":{"line":79,"column":0},"end":{"line":97,"column":5}},"43":{"start":{"line":80,"column":5},"end":{"line":96,"column":9}},"44":{"start":{"line":83,"column":8},"end":{"line":95,"column":9}},"45":{"start":{"line":84,"column":10},"end":{"line":84,"column":63}},"46":{"start":{"line":86,"column":11},"end":{"line":94,"column":15}},"47":{"start":{"line":89,"column":14},"end":{"line":89,"column":91}},"48":{"start":{"line":92,"column":14},"end":{"line":92,"column":31}},"49":{"start":{"line":93,"column":14},"end":{"line":93,"column":40}},"50":{"start":{"line":98,"column":0},"end":{"line":98,"column":24}}},"fnMap":{"0":{"name":"(anonymous_0)","decl":{"start":{"line":9,"column":16},"end":{"line":9,"column":17}},"loc":{"start":{"line":9,"column":36},"end":{"line":16,"column":1}},"line":9},"1":{"name":"(anonymous_1)","decl":{"start":{"line":18,"column":17},"end":{"line":18,"column":18}},"loc":{"start":{"line":18,"column":37},"end":{"line":30,"column":1}},"line":18},"2":{"name":"(anonymous_2)","decl":{"start":{"line":32,"column":30},"end":{"line":32,"column":31}},"loc":{"start":{"line":32,"column":50},"end":{"line":36,"column":1}},"line":32},"3":{"name":"(anonymous_3)","decl":{"start":{"line":38,"column":29},"end":{"line":38,"column":30}},"loc":{"start":{"line":38,"column":49},"end":{"line":63,"column":1}},"line":38},"4":{"name":"(anonymous_4)","decl":{"start":{"line":54,"column":10},"end":{"line":54,"column":11}},"loc":{"start":{"line":54,"column":24},"end":{"line":58,"column":7}},"line":54},"5":{"name":"(anonymous_5)","decl":{"start":{"line":59,"column":13},"end":{"line":59,"column":14}},"loc":{"start":{"line":59,"column":20},"end":{"line":62,"column":5}},"line":59},"6":{"name":"(anonymous_6)","decl":{"start":{"line":65,"column":19},"end":{"line":65,"column":20}},"loc":{"start":{"line":65,"column":33},"end":{"line":77,"column":3}},"line":65},"7":{"name":"(anonymous_7)","decl":{"start":{"line":69,"column":13},"end":{"line":69,"column":14}},"loc":{"start":{"line":69,"column":28},"end":{"line":72,"column":7}},"line":69},"8":{"name":"(anonymous_8)","decl":{"start":{"line":73,"column":13},"end":{"line":73,"column":14}},"loc":{"start":{"line":73,"column":20},"end":{"line":76,"column":7}},"line":73},"9":{"name":"(anonymous_9)","decl":{"start":{"line":79,"column":27},"end":{"line":79,"column":28}},"loc":{"start":{"line":79,"column":41},"end":{"line":97,"column":3}},"line":79},"10":{"name":"(anonymous_10)","decl":{"start":{"line":82,"column":13},"end":{"line":82,"column":14}},"loc":{"start":{"line":82,"column":21},"end":{"line":96,"column":7}},"line":82},"11":{"name":"(anonymous_11)","decl":{"start":{"line":88,"column":18},"end":{"line":88,"column":19}},"loc":{"start":{"line":88,"column":24},"end":{"line":90,"column":13}},"line":88},"12":{"name":"(anonymous_12)","decl":{"start":{"line":91,"column":19},"end":{"line":91,"column":20}},"loc":{"start":{"line":91,"column":26},"end":{"line":94,"column":13}},"line":91}},"branchMap":{"0":{"loc":{"start":{"line":83,"column":8},"end":{"line":95,"column":9}},"type":"if","locations":[{"start":{"line":83,"column":8},"end":{"line":95,"column":9}},{"start":{"line":83,"column":8},"end":{"line":95,"column":9}}],"line":83}},"s":{"0":1,"1":1,"2":1,"3":1,"4":1,"5":1,"6":1,"7":1,"8":0,"9":0,"10":0,"11":0,"12":0,"13":1,"14":0,"15":0,"16":0,"17":0,"18":0,"19":0,"20":1,"21":0,"22":0,"23":0,"24":1,"25":0,"26":0,"27":0,"28":0,"29":0,"30":0,"31":0,"32":0,"33":0,"34":0,"35":1,"36":0,"37":0,"38":0,"39":0,"40":0,"41":0,"42":1,"43":0,"44":0,"45":0,"46":0,"47":0,"48":0,"49":0,"50":1},"f":{"0":0,"1":0,"2":0,"3":0,"4":0,"5":0,"6":0,"7":0,"8":0,"9":0,"10":0,"11":0,"12":0},"b":{"0":[0,0]},"_coverageSchema":"43e27e138ebf9cfc5966b082cf9a028302ed4184","hash":"eb4ce9ce16b8576faa178efde0098eef89fb6b54"}
,"C:\\Users\\shwet\\Desktop\\ASEProject\\ReadySetRun\\routes\\running_group.js": {"path":"C:\\Users\\shwet\\Desktop\\ASEProject\\ReadySetRun\\routes\\running_group.js","statementMap":{"0":{"start":{"line":1,"column":16},"end":{"line":1,"column":34}},"1":{"start":{"line":2,"column":15},"end":{"line":2,"column":31}},"2":{"start":{"line":3,"column":43},"end":{"line":3,"column":74}},"3":{"start":{"line":4,"column":33},"end":{"line":4,"column":84}},"4":{"start":{"line":5,"column":68},"end":{"line":5,"column":94}},"5":{"start":{"line":6,"column":27},"end":{"line":6,"column":61}},"6":{"start":{"line":8,"column":0},"end":{"line":19,"column":3}},"7":{"start":{"line":9,"column":5},"end":{"line":18,"column":7}},"8":{"start":{"line":11,"column":6},"end":{"line":11,"column":37}},"9":{"start":{"line":12,"column":6},"end":{"line":12,"column":56}},"10":{"start":{"line":13,"column":6},"end":{"line":13,"column":212}},"11":{"start":{"line":16,"column":8},"end":{"line":16,"column":25}},"12":{"start":{"line":17,"column":8},"end":{"line":17,"column":34}},"13":{"start":{"line":21,"column":0},"end":{"line":35,"column":3}},"14":{"start":{"line":22,"column":2},"end":{"line":34,"column":5}},"15":{"start":{"line":24,"column":4},"end":{"line":24,"column":35}},"16":{"start":{"line":25,"column":4},"end":{"line":25,"column":55}},"17":{"start":{"line":26,"column":4},"end":{"line":29,"column":108}},"18":{"start":{"line":32,"column":4},"end":{"line":32,"column":21}},"19":{"start":{"line":33,"column":4},"end":{"line":33,"column":30}},"20":{"start":{"line":37,"column":0},"end":{"line":50,"column":3}},"21":{"start":{"line":38,"column":2},"end":{"line":49,"column":7}},"22":{"start":{"line":41,"column":8},"end":{"line":41,"column":39}},"23":{"start":{"line":42,"column":8},"end":{"line":42,"column":38}},"24":{"start":{"line":43,"column":22},"end":{"line":43,"column":60}},"25":{"start":{"line":44,"column":8},"end":{"line":44,"column":30}},"26":{"start":{"line":47,"column":8},"end":{"line":47,"column":25}},"27":{"start":{"line":48,"column":8},"end":{"line":48,"column":28}},"28":{"start":{"line":52,"column":0},"end":{"line":63,"column":5}},"29":{"start":{"line":53,"column":5},"end":{"line":62,"column":9}},"30":{"start":{"line":56,"column":8},"end":{"line":56,"column":39}},"31":{"start":{"line":57,"column":8},"end":{"line":57,"column":174}},"32":{"start":{"line":60,"column":8},"end":{"line":60,"column":25}},"33":{"start":{"line":61,"column":8},"end":{"line":61,"column":34}},"34":{"start":{"line":65,"column":0},"end":{"line":69,"column":3}},"35":{"start":{"line":66,"column":4},"end":{"line":66,"column":35}},"36":{"start":{"line":67,"column":4},"end":{"line":67,"column":41}},"37":{"start":{"line":68,"column":4},"end":{"line":68,"column":25}},"38":{"start":{"line":71,"column":0},"end":{"line":89,"column":5}},"39":{"start":{"line":72,"column":5},"end":{"line":88,"column":9}},"40":{"start":{"line":75,"column":8},"end":{"line":87,"column":9}},"41":{"start":{"line":76,"column":10},"end":{"line":76,"column":71}},"42":{"start":{"line":78,"column":11},"end":{"line":86,"column":15}},"43":{"start":{"line":81,"column":14},"end":{"line":81,"column":99}},"44":{"start":{"line":84,"column":14},"end":{"line":84,"column":31}},"45":{"start":{"line":85,"column":14},"end":{"line":85,"column":40}},"46":{"start":{"line":90,"column":0},"end":{"line":90,"column":24}}},"fnMap":{"0":{"name":"(anonymous_0)","decl":{"start":{"line":8,"column":16},"end":{"line":8,"column":17}},"loc":{"start":{"line":8,"column":30},"end":{"line":19,"column":1}},"line":8},"1":{"name":"(anonymous_1)","decl":{"start":{"line":10,"column":11},"end":{"line":10,"column":12}},"loc":{"start":{"line":10,"column":33},"end":{"line":14,"column":5}},"line":10},"2":{"name":"(anonymous_2)","decl":{"start":{"line":15,"column":11},"end":{"line":15,"column":12}},"loc":{"start":{"line":15,"column":18},"end":{"line":18,"column":5}},"line":15},"3":{"name":"(anonymous_3)","decl":{"start":{"line":21,"column":17},"end":{"line":21,"column":18}},"loc":{"start":{"line":21,"column":31},"end":{"line":35,"column":1}},"line":21},"4":{"name":"(anonymous_4)","decl":{"start":{"line":23,"column":9},"end":{"line":23,"column":10}},"loc":{"start":{"line":23,"column":32},"end":{"line":30,"column":3}},"line":23},"5":{"name":"(anonymous_5)","decl":{"start":{"line":31,"column":9},"end":{"line":31,"column":10}},"loc":{"start":{"line":31,"column":16},"end":{"line":34,"column":3}},"line":31},"6":{"name":"(anonymous_6)","decl":{"start":{"line":37,"column":23},"end":{"line":37,"column":24}},"loc":{"start":{"line":37,"column":37},"end":{"line":50,"column":1}},"line":37},"7":{"name":"(anonymous_7)","decl":{"start":{"line":40,"column":10},"end":{"line":40,"column":11}},"loc":{"start":{"line":40,"column":32},"end":{"line":45,"column":7}},"line":40},"8":{"name":"(anonymous_8)","decl":{"start":{"line":46,"column":13},"end":{"line":46,"column":14}},"loc":{"start":{"line":46,"column":20},"end":{"line":49,"column":5}},"line":46},"9":{"name":"(anonymous_9)","decl":{"start":{"line":52,"column":19},"end":{"line":52,"column":20}},"loc":{"start":{"line":52,"column":33},"end":{"line":63,"column":3}},"line":52},"10":{"name":"(anonymous_10)","decl":{"start":{"line":55,"column":13},"end":{"line":55,"column":14}},"loc":{"start":{"line":55,"column":37},"end":{"line":58,"column":7}},"line":55},"11":{"name":"(anonymous_11)","decl":{"start":{"line":59,"column":13},"end":{"line":59,"column":14}},"loc":{"start":{"line":59,"column":20},"end":{"line":62,"column":7}},"line":59},"12":{"name":"(anonymous_12)","decl":{"start":{"line":65,"column":27},"end":{"line":65,"column":28}},"loc":{"start":{"line":65,"column":47},"end":{"line":69,"column":1}},"line":65},"13":{"name":"(anonymous_13)","decl":{"start":{"line":71,"column":27},"end":{"line":71,"column":28}},"loc":{"start":{"line":71,"column":41},"end":{"line":89,"column":3}},"line":71},"14":{"name":"(anonymous_14)","decl":{"start":{"line":74,"column":13},"end":{"line":74,"column":14}},"loc":{"start":{"line":74,"column":29},"end":{"line":88,"column":7}},"line":74},"15":{"name":"(anonymous_15)","decl":{"start":{"line":80,"column":18},"end":{"line":80,"column":19}},"loc":{"start":{"line":80,"column":24},"end":{"line":82,"column":13}},"line":80},"16":{"name":"(anonymous_16)","decl":{"start":{"line":83,"column":19},"end":{"line":83,"column":20}},"loc":{"start":{"line":83,"column":26},"end":{"line":86,"column":13}},"line":83}},"branchMap":{"0":{"loc":{"start":{"line":75,"column":8},"end":{"line":87,"column":9}},"type":"if","locations":[{"start":{"line":75,"column":8},"end":{"line":87,"column":9}},{"start":{"line":75,"column":8},"end":{"line":87,"column":9}}],"line":75}},"s":{"0":1,"1":1,"2":1,"3":1,"4":1,"5":1,"6":1,"7":0,"8":0,"9":0,"10":0,"11":0,"12":0,"13":1,"14":0,"15":0,"16":0,"17":0,"18":0,"19":0,"20":1,"21":0,"22":0,"23":0,"24":0,"25":0,"26":0,"27":0,"28":1,"29":0,"30":0,"31":0,"32":0,"33":0,"34":1,"35":0,"36":0,"37":0,"38":1,"39":0,"40":0,"41":0,"42":0,"43":0,"44":0,"45":0,"46":1},"f":{"0":0,"1":0,"2":0,"3":0,"4":0,"5":0,"6":0,"7":0,"8":0,"9":0,"10":0,"11":0,"12":0,"13":0,"14":0,"15":0,"16":0},"b":{"0":[0,0]},"_coverageSchema":"43e27e138ebf9cfc5966b082cf9a028302ed4184","hash":"72f90964c143f520c305214cb8735a37b109099a"}
,"C:\\Users\\shwet\\Desktop\\ASEProject\\ReadySetRun\\routes\\user.js": {"path":"C:\\Users\\shwet\\Desktop\\ASEProject\\ReadySetRun\\routes\\user.js","statementMap":{"0":{"start":{"line":1,"column":16},"end":{"line":1,"column":34}},"1":{"start":{"line":2,"column":15},"end":{"line":2,"column":31}},"2":{"start":{"line":3,"column":15},"end":{"line":3,"column":46}},"3":{"start":{"line":4,"column":68},"end":{"line":4,"column":94}},"4":{"start":{"line":6,"column":0},"end":{"line":19,"column":2}},"5":{"start":{"line":7,"column":4},"end":{"line":18,"column":7}},"6":{"start":{"line":10,"column":8},"end":{"line":10,"column":37}},"7":{"start":{"line":11,"column":8},"end":{"line":11,"column":39}},"8":{"start":{"line":12,"column":22},"end":{"line":12,"column":81}},"9":{"start":{"line":13,"column":8},"end":{"line":13,"column":30}},"10":{"start":{"line":16,"column":8},"end":{"line":16,"column":25}},"11":{"start":{"line":17,"column":8},"end":{"line":17,"column":28}},"12":{"start":{"line":21,"column":0},"end":{"line":33,"column":2}},"13":{"start":{"line":22,"column":4},"end":{"line":32,"column":7}},"14":{"start":{"line":25,"column":8},"end":{"line":25,"column":38}},"15":{"start":{"line":26,"column":8},"end":{"line":26,"column":35}},"16":{"start":{"line":27,"column":8},"end":{"line":27,"column":166}},"17":{"start":{"line":30,"column":8},"end":{"line":30,"column":25}},"18":{"start":{"line":31,"column":8},"end":{"line":31,"column":34}},"19":{"start":{"line":35,"column":0},"end":{"line":51,"column":2}},"20":{"start":{"line":36,"column":4},"end":{"line":50,"column":7}},"21":{"start":{"line":39,"column":8},"end":{"line":45,"column":9}},"22":{"start":{"line":40,"column":12},"end":{"line":40,"column":32}},"23":{"start":{"line":42,"column":12},"end":{"line":42,"column":42}},"24":{"start":{"line":43,"column":26},"end":{"line":43,"column":85}},"25":{"start":{"line":44,"column":12},"end":{"line":44,"column":34}},"26":{"start":{"line":48,"column":8},"end":{"line":48,"column":25}},"27":{"start":{"line":49,"column":8},"end":{"line":49,"column":34}},"28":{"start":{"line":53,"column":0},"end":{"line":69,"column":2}},"29":{"start":{"line":54,"column":4},"end":{"line":68,"column":7}},"30":{"start":{"line":57,"column":8},"end":{"line":63,"column":9}},"31":{"start":{"line":58,"column":12},"end":{"line":58,"column":88}},"32":{"start":{"line":60,"column":12},"end":{"line":60,"column":42}},"33":{"start":{"line":61,"column":12},"end":{"line":61,"column":39}},"34":{"start":{"line":62,"column":12},"end":{"line":62,"column":190}},"35":{"start":{"line":66,"column":8},"end":{"line":66,"column":25}},"36":{"start":{"line":67,"column":8},"end":{"line":67,"column":34}},"37":{"start":{"line":71,"column":0},"end":{"line":75,"column":2}},"38":{"start":{"line":72,"column":4},"end":{"line":72,"column":37}},"39":{"start":{"line":73,"column":18},"end":{"line":73,"column":56}},"40":{"start":{"line":74,"column":4},"end":{"line":74,"column":25}},"41":{"start":{"line":77,"column":0},"end":{"line":97,"column":2}},"42":{"start":{"line":78,"column":4},"end":{"line":96,"column":7}},"43":{"start":{"line":81,"column":8},"end":{"line":95,"column":9}},"44":{"start":{"line":82,"column":12},"end":{"line":82,"column":64}},"45":{"start":{"line":84,"column":12},"end":{"line":94,"column":15}},"46":{"start":{"line":87,"column":16},"end":{"line":87,"column":46}},"47":{"start":{"line":88,"column":16},"end":{"line":88,"column":43}},"48":{"start":{"line":89,"column":16},"end":{"line":89,"column":158}},"49":{"start":{"line":92,"column":16},"end":{"line":92,"column":33}},"50":{"start":{"line":93,"column":16},"end":{"line":93,"column":42}},"51":{"start":{"line":101,"column":0},"end":{"line":101,"column":25}},"52":{"start":{"line":102,"column":0},"end":{"line":102,"column":30}},"53":{"start":{"line":103,"column":0},"end":{"line":103,"column":28}},"54":{"start":{"line":104,"column":0},"end":{"line":104,"column":31}},"55":{"start":{"line":105,"column":0},"end":{"line":105,"column":29}},"56":{"start":{"line":106,"column":0},"end":{"line":106,"column":38}},"57":{"start":{"line":107,"column":0},"end":{"line":107,"column":24}}},"fnMap":{"0":{"name":"(anonymous_0)","decl":{"start":{"line":6,"column":9},"end":{"line":6,"column":10}},"loc":{"start":{"line":6,"column":23},"end":{"line":19,"column":1}},"line":6},"1":{"name":"(anonymous_1)","decl":{"start":{"line":9,"column":10},"end":{"line":9,"column":11}},"loc":{"start":{"line":9,"column":24},"end":{"line":14,"column":7}},"line":9},"2":{"name":"(anonymous_2)","decl":{"start":{"line":15,"column":13},"end":{"line":15,"column":14}},"loc":{"start":{"line":15,"column":20},"end":{"line":18,"column":5}},"line":15},"3":{"name":"(anonymous_3)","decl":{"start":{"line":21,"column":9},"end":{"line":21,"column":10}},"loc":{"start":{"line":21,"column":23},"end":{"line":33,"column":1}},"line":21},"4":{"name":"(anonymous_4)","decl":{"start":{"line":24,"column":10},"end":{"line":24,"column":11}},"loc":{"start":{"line":24,"column":32},"end":{"line":28,"column":5}},"line":24},"5":{"name":"(anonymous_5)","decl":{"start":{"line":29,"column":11},"end":{"line":29,"column":12}},"loc":{"start":{"line":29,"column":18},"end":{"line":32,"column":5}},"line":29},"6":{"name":"(anonymous_6)","decl":{"start":{"line":35,"column":8},"end":{"line":35,"column":9}},"loc":{"start":{"line":35,"column":22},"end":{"line":51,"column":1}},"line":35},"7":{"name":"(anonymous_7)","decl":{"start":{"line":38,"column":10},"end":{"line":38,"column":11}},"loc":{"start":{"line":38,"column":32},"end":{"line":46,"column":5}},"line":38},"8":{"name":"(anonymous_8)","decl":{"start":{"line":47,"column":11},"end":{"line":47,"column":12}},"loc":{"start":{"line":47,"column":18},"end":{"line":50,"column":5}},"line":47},"9":{"name":"(anonymous_9)","decl":{"start":{"line":53,"column":11},"end":{"line":53,"column":12}},"loc":{"start":{"line":53,"column":25},"end":{"line":69,"column":1}},"line":53},"10":{"name":"(anonymous_10)","decl":{"start":{"line":56,"column":10},"end":{"line":56,"column":11}},"loc":{"start":{"line":56,"column":32},"end":{"line":64,"column":5}},"line":56},"11":{"name":"(anonymous_11)","decl":{"start":{"line":65,"column":11},"end":{"line":65,"column":12}},"loc":{"start":{"line":65,"column":18},"end":{"line":68,"column":5}},"line":65},"12":{"name":"(anonymous_12)","decl":{"start":{"line":71,"column":9},"end":{"line":71,"column":10}},"loc":{"start":{"line":71,"column":29},"end":{"line":75,"column":1}},"line":71},"13":{"name":"(anonymous_13)","decl":{"start":{"line":77,"column":13},"end":{"line":77,"column":14}},"loc":{"start":{"line":77,"column":27},"end":{"line":97,"column":1}},"line":77},"14":{"name":"(anonymous_14)","decl":{"start":{"line":80,"column":10},"end":{"line":80,"column":11}},"loc":{"start":{"line":80,"column":32},"end":{"line":96,"column":5}},"line":80},"15":{"name":"(anonymous_15)","decl":{"start":{"line":86,"column":18},"end":{"line":86,"column":19}},"loc":{"start":{"line":86,"column":30},"end":{"line":90,"column":13}},"line":86},"16":{"name":"(anonymous_16)","decl":{"start":{"line":91,"column":19},"end":{"line":91,"column":20}},"loc":{"start":{"line":91,"column":26},"end":{"line":94,"column":13}},"line":91}},"branchMap":{"0":{"loc":{"start":{"line":39,"column":8},"end":{"line":45,"column":9}},"type":"if","locations":[{"start":{"line":39,"column":8},"end":{"line":45,"column":9}},{"start":{"line":39,"column":8},"end":{"line":45,"column":9}}],"line":39},"1":{"loc":{"start":{"line":57,"column":8},"end":{"line":63,"column":9}},"type":"if","locations":[{"start":{"line":57,"column":8},"end":{"line":63,"column":9}},{"start":{"line":57,"column":8},"end":{"line":63,"column":9}}],"line":57},"2":{"loc":{"start":{"line":81,"column":8},"end":{"line":95,"column":9}},"type":"if","locations":[{"start":{"line":81,"column":8},"end":{"line":95,"column":9}},{"start":{"line":81,"column":8},"end":{"line":95,"column":9}}],"line":81}},"s":{"0":1,"1":1,"2":1,"3":1,"4":1,"5":0,"6":0,"7":0,"8":0,"9":0,"10":0,"11":0,"12":1,"13":0,"14":0,"15":0,"16":0,"17":0,"18":0,"19":1,"20":0,"21":0,"22":0,"23":0,"24":0,"25":0,"26":0,"27":0,"28":1,"29":0,"30":0,"31":0,"32":0,"33":0,"34":0,"35":0,"36":0,"37":1,"38":0,"39":0,"40":0,"41":1,"42":0,"43":0,"44":0,"45":0,"46":0,"47":0,"48":0,"49":0,"50":0,"51":1,"52":1,"53":1,"54":1,"55":1,"56":1,"57":1},"f":{"0":0,"1":0,"2":0,"3":0,"4":0,"5":0,"6":0,"7":0,"8":0,"9":0,"10":0,"11":0,"12":0,"13":0,"14":0,"15":0,"16":0},"b":{"0":[0,0],"1":[0,0],"2":[0,0]},"_coverageSchema":"43e27e138ebf9cfc5966b082cf9a028302ed4184","hash":"672570fd80b5e3ac242f883e0a67c8ac9a170fa7"}
,"C:\\Users\\shwet\\Desktop\\ASEProject\\ReadySetRun\\routes\\data\\raceData.js": {"path":"C:\\Users\\shwet\\Desktop\\ASEProject\\ReadySetRun\\routes\\data\\raceData.js","statementMap":{"0":{"start":{"line":1,"column":14},"end":{"line":1,"column":30}},"1":{"start":{"line":2,"column":13},"end":{"line":2,"column":77}},"2":{"start":{"line":3,"column":11},"end":{"line":3,"column":24}},"3":{"start":{"line":7,"column":17},"end":{"line":60,"column":5}},"4":{"start":{"line":62,"column":4},"end":{"line":76,"column":5}},"5":{"start":{"line":63,"column":8},"end":{"line":63,"column":122}},"6":{"start":{"line":63,"column":54},"end":{"line":63,"column":119}},"7":{"start":{"line":64,"column":8},"end":{"line":68,"column":9}},"8":{"start":{"line":65,"column":12},"end":{"line":67,"column":13}},"9":{"start":{"line":66,"column":16},"end":{"line":66,"column":37}},"10":{"start":{"line":69,"column":11},"end":{"line":76,"column":5}},"11":{"start":{"line":70,"column":8},"end":{"line":70,"column":36}},"12":{"start":{"line":71,"column":8},"end":{"line":75,"column":9}},"13":{"start":{"line":72,"column":12},"end":{"line":74,"column":13}},"14":{"start":{"line":73,"column":16},"end":{"line":73,"column":37}},"15":{"start":{"line":80,"column":15},"end":{"line":80,"column":25}},"16":{"start":{"line":81,"column":15},"end":{"line":81,"column":33}},"17":{"start":{"line":82,"column":16},"end":{"line":82,"column":35}},"18":{"start":{"line":83,"column":4},"end":{"line":83,"column":44}},"19":{"start":{"line":84,"column":15},"end":{"line":84,"column":29}},"20":{"start":{"line":85,"column":4},"end":{"line":85,"column":38}},"21":{"start":{"line":86,"column":4},"end":{"line":86,"column":42}},"22":{"start":{"line":90,"column":4},"end":{"line":92,"column":5}},"23":{"start":{"line":91,"column":8},"end":{"line":91,"column":40}},"24":{"start":{"line":93,"column":4},"end":{"line":93,"column":14}},"25":{"start":{"line":97,"column":4},"end":{"line":97,"column":15}},"26":{"start":{"line":98,"column":4},"end":{"line":104,"column":5}},"27":{"start":{"line":98,"column":16},"end":{"line":98,"column":17}},"28":{"start":{"line":99,"column":8},"end":{"line":99,"column":30}},"29":{"start":{"line":101,"column":8},"end":{"line":103,"column":9}},"30":{"start":{"line":102,"column":12},"end":{"line":102,"column":37}},"31":{"start":{"line":105,"column":4},"end":{"line":105,"column":18}},"32":{"start":{"line":109,"column":4},"end":{"line":109,"column":47}},"33":{"start":{"line":110,"column":4},"end":{"line":110,"column":13}},"34":{"start":{"line":111,"column":4},"end":{"line":141,"column":5}},"35":{"start":{"line":112,"column":8},"end":{"line":114,"column":26}},"36":{"start":{"line":116,"column":8},"end":{"line":118,"column":37}},"37":{"start":{"line":120,"column":8},"end":{"line":120,"column":108}},"38":{"start":{"line":122,"column":8},"end":{"line":122,"column":107}},"39":{"start":{"line":124,"column":8},"end":{"line":124,"column":96}},"40":{"start":{"line":126,"column":8},"end":{"line":126,"column":90}},"41":{"start":{"line":128,"column":8},"end":{"line":128,"column":90}},"42":{"start":{"line":130,"column":8},"end":{"line":130,"column":136}},"43":{"start":{"line":132,"column":8},"end":{"line":140,"column":9}},"44":{"start":{"line":133,"column":12},"end":{"line":133,"column":114}},"45":{"start":{"line":135,"column":12},"end":{"line":135,"column":102}},"46":{"start":{"line":137,"column":12},"end":{"line":137,"column":122}},"47":{"start":{"line":139,"column":12},"end":{"line":139,"column":112}},"48":{"start":{"line":142,"column":4},"end":{"line":142,"column":16}},"49":{"start":{"line":146,"column":4},"end":{"line":154,"column":5}},"50":{"start":{"line":147,"column":24},"end":{"line":147,"column":50}},"51":{"start":{"line":148,"column":23},"end":{"line":148,"column":193}},"52":{"start":{"line":150,"column":8},"end":{"line":150,"column":53}},"53":{"start":{"line":151,"column":8},"end":{"line":151,"column":20}},"54":{"start":{"line":153,"column":8},"end":{"line":153,"column":27}},"55":{"start":{"line":159,"column":4},"end":{"line":159,"column":44}},"56":{"start":{"line":160,"column":4},"end":{"line":185,"column":5}},"57":{"start":{"line":161,"column":24},"end":{"line":161,"column":50}},"58":{"start":{"line":162,"column":23},"end":{"line":162,"column":25}},"59":{"start":{"line":163,"column":22},"end":{"line":163,"column":24}},"60":{"start":{"line":165,"column":8},"end":{"line":165,"column":45}},"61":{"start":{"line":167,"column":8},"end":{"line":167,"column":38}},"62":{"start":{"line":169,"column":8},"end":{"line":169,"column":238}},"63":{"start":{"line":170,"column":8},"end":{"line":170,"column":40}},"64":{"start":{"line":172,"column":24},"end":{"line":172,"column":26}},"65":{"start":{"line":173,"column":8},"end":{"line":179,"column":9}},"66":{"start":{"line":173,"column":20},"end":{"line":173,"column":21}},"67":{"start":{"line":174,"column":12},"end":{"line":174,"column":43}},"68":{"start":{"line":176,"column":12},"end":{"line":178,"column":13}},"69":{"start":{"line":177,"column":16},"end":{"line":177,"column":37}},"70":{"start":{"line":180,"column":8},"end":{"line":180,"column":51}},"71":{"start":{"line":181,"column":8},"end":{"line":181,"column":59}},"72":{"start":{"line":182,"column":8},"end":{"line":182,"column":25}},"73":{"start":{"line":184,"column":8},"end":{"line":184,"column":27}},"74":{"start":{"line":189,"column":4},"end":{"line":224,"column":5}},"75":{"start":{"line":190,"column":24},"end":{"line":190,"column":50}},"76":{"start":{"line":191,"column":23},"end":{"line":191,"column":25}},"77":{"start":{"line":192,"column":22},"end":{"line":192,"column":24}},"78":{"start":{"line":194,"column":8},"end":{"line":205,"column":9}},"79":{"start":{"line":195,"column":12},"end":{"line":195,"column":36}},"80":{"start":{"line":196,"column":12},"end":{"line":196,"column":227}},"81":{"start":{"line":198,"column":13},"end":{"line":205,"column":9}},"82":{"start":{"line":199,"column":12},"end":{"line":199,"column":42}},"83":{"start":{"line":200,"column":12},"end":{"line":200,"column":242}},"84":{"start":{"line":202,"column":13},"end":{"line":205,"column":9}},"85":{"start":{"line":203,"column":12},"end":{"line":203,"column":42}},"86":{"start":{"line":204,"column":12},"end":{"line":204,"column":244}},"87":{"start":{"line":210,"column":8},"end":{"line":210,"column":40}},"88":{"start":{"line":212,"column":24},"end":{"line":212,"column":26}},"89":{"start":{"line":213,"column":8},"end":{"line":219,"column":9}},"90":{"start":{"line":213,"column":20},"end":{"line":213,"column":21}},"91":{"start":{"line":214,"column":12},"end":{"line":214,"column":43}},"92":{"start":{"line":216,"column":12},"end":{"line":218,"column":13}},"93":{"start":{"line":217,"column":16},"end":{"line":217,"column":37}},"94":{"start":{"line":220,"column":8},"end":{"line":220,"column":40}},"95":{"start":{"line":221,"column":8},"end":{"line":221,"column":25}},"96":{"start":{"line":223,"column":8},"end":{"line":223,"column":27}},"97":{"start":{"line":228,"column":4},"end":{"line":236,"column":5}},"98":{"start":{"line":228,"column":16},"end":{"line":228,"column":17}},"99":{"start":{"line":229,"column":8},"end":{"line":235,"column":9}},"100":{"start":{"line":229,"column":20},"end":{"line":229,"column":23}},"101":{"start":{"line":230,"column":12},"end":{"line":234,"column":13}},"102":{"start":{"line":231,"column":27},"end":{"line":231,"column":42}},"103":{"start":{"line":232,"column":16},"end":{"line":232,"column":50}},"104":{"start":{"line":233,"column":16},"end":{"line":233,"column":39}},"105":{"start":{"line":238,"column":4},"end":{"line":238,"column":19}},"106":{"start":{"line":242,"column":4},"end":{"line":244,"column":74}},"107":{"start":{"line":245,"column":4},"end":{"line":245,"column":31}},"108":{"start":{"line":248,"column":0},"end":{"line":253,"column":1}}},"fnMap":{"0":{"name":"abbrState","decl":{"start":{"line":5,"column":9},"end":{"line":5,"column":18}},"loc":{"start":{"line":5,"column":29},"end":{"line":77,"column":1}},"line":5},"1":{"name":"(anonymous_1)","decl":{"start":{"line":63,"column":40},"end":{"line":63,"column":41}},"loc":{"start":{"line":63,"column":53},"end":{"line":63,"column":120}},"line":63},"2":{"name":"getDateTime","decl":{"start":{"line":79,"column":9},"end":{"line":79,"column":20}},"loc":{"start":{"line":79,"column":23},"end":{"line":87,"column":1}},"line":79},"3":{"name":"getImages","decl":{"start":{"line":89,"column":9},"end":{"line":89,"column":18}},"loc":{"start":{"line":89,"column":29},"end":{"line":94,"column":1}},"line":89},"4":{"name":"getDistances","decl":{"start":{"line":96,"column":9},"end":{"line":96,"column":21}},"loc":{"start":{"line":96,"column":31},"end":{"line":106,"column":1}},"line":96},"5":{"name":"resultFormat","decl":{"start":{"line":108,"column":9},"end":{"line":108,"column":21}},"loc":{"start":{"line":108,"column":30},"end":{"line":143,"column":1}},"line":108},"6":{"name":"getSingleRaceDetail","decl":{"start":{"line":145,"column":15},"end":{"line":145,"column":34}},"loc":{"start":{"line":145,"column":40},"end":{"line":155,"column":1}},"line":145},"7":{"name":"getRecommendation","decl":{"start":{"line":158,"column":15},"end":{"line":158,"column":32}},"loc":{"start":{"line":158,"column":38},"end":{"line":186,"column":1}},"line":158},"8":{"name":"getRaceDetails","decl":{"start":{"line":188,"column":15},"end":{"line":188,"column":29}},"loc":{"start":{"line":188,"column":43},"end":{"line":225,"column":1}},"line":188},"9":{"name":"sortDates","decl":{"start":{"line":227,"column":9},"end":{"line":227,"column":18}},"loc":{"start":{"line":227,"column":27},"end":{"line":239,"column":1}},"line":227},"10":{"name":"isPartOf","decl":{"start":{"line":241,"column":15},"end":{"line":241,"column":23}},"loc":{"start":{"line":241,"column":43},"end":{"line":246,"column":1}},"line":241}},"branchMap":{"0":{"loc":{"start":{"line":62,"column":4},"end":{"line":76,"column":5}},"type":"if","locations":[{"start":{"line":62,"column":4},"end":{"line":76,"column":5}},{"start":{"line":62,"column":4},"end":{"line":76,"column":5}}],"line":62},"1":{"loc":{"start":{"line":65,"column":12},"end":{"line":67,"column":13}},"type":"if","locations":[{"start":{"line":65,"column":12},"end":{"line":67,"column":13}},{"start":{"line":65,"column":12},"end":{"line":67,"column":13}}],"line":65},"2":{"loc":{"start":{"line":69,"column":11},"end":{"line":76,"column":5}},"type":"if","locations":[{"start":{"line":69,"column":11},"end":{"line":76,"column":5}},{"start":{"line":69,"column":11},"end":{"line":76,"column":5}}],"line":69},"3":{"loc":{"start":{"line":72,"column":12},"end":{"line":74,"column":13}},"type":"if","locations":[{"start":{"line":72,"column":12},"end":{"line":74,"column":13}},{"start":{"line":72,"column":12},"end":{"line":74,"column":13}}],"line":72},"4":{"loc":{"start":{"line":83,"column":13},"end":{"line":83,"column":34}},"type":"cond-expr","locations":[{"start":{"line":83,"column":26},"end":{"line":83,"column":29}},{"start":{"line":83,"column":32},"end":{"line":83,"column":34}}],"line":83},"5":{"loc":{"start":{"line":85,"column":11},"end":{"line":85,"column":30}},"type":"cond-expr","locations":[{"start":{"line":85,"column":22},"end":{"line":85,"column":25}},{"start":{"line":85,"column":28},"end":{"line":85,"column":30}}],"line":85},"6":{"loc":{"start":{"line":90,"column":4},"end":{"line":92,"column":5}},"type":"if","locations":[{"start":{"line":90,"column":4},"end":{"line":92,"column":5}},{"start":{"line":90,"column":4},"end":{"line":92,"column":5}}],"line":90},"7":{"loc":{"start":{"line":101,"column":8},"end":{"line":103,"column":9}},"type":"if","locations":[{"start":{"line":101,"column":8},"end":{"line":103,"column":9}},{"start":{"line":101,"column":8},"end":{"line":103,"column":9}}],"line":101},"8":{"loc":{"start":{"line":101,"column":11},"end":{"line":101,"column":84}},"type":"binary-expr","locations":[{"start":{"line":101,"column":11},"end":{"line":101,"column":50}},{"start":{"line":101,"column":54},"end":{"line":101,"column":84}}],"line":101},"9":{"loc":{"start":{"line":111,"column":4},"end":{"line":141,"column":5}},"type":"if","locations":[{"start":{"line":111,"column":4},"end":{"line":141,"column":5}},{"start":{"line":111,"column":4},"end":{"line":141,"column":5}}],"line":111},"10":{"loc":{"start":{"line":111,"column":8},"end":{"line":111,"column":41}},"type":"binary-expr","locations":[{"start":{"line":111,"column":8},"end":{"line":111,"column":15}},{"start":{"line":111,"column":19},"end":{"line":111,"column":41}}],"line":111},"11":{"loc":{"start":{"line":112,"column":8},"end":{"line":114,"column":25}},"type":"cond-expr","locations":[{"start":{"line":113,"column":8},"end":{"line":113,"column":40}},{"start":{"line":114,"column":8},"end":{"line":114,"column":25}}],"line":112},"12":{"loc":{"start":{"line":116,"column":8},"end":{"line":118,"column":36}},"type":"cond-expr","locations":[{"start":{"line":117,"column":8},"end":{"line":117,"column":48}},{"start":{"line":118,"column":8},"end":{"line":118,"column":36}}],"line":116},"13":{"loc":{"start":{"line":120,"column":8},"end":{"line":120,"column":107}},"type":"cond-expr","locations":[{"start":{"line":120,"column":37},"end":{"line":120,"column":79}},{"start":{"line":120,"column":82},"end":{"line":120,"column":107}}],"line":120},"14":{"loc":{"start":{"line":122,"column":8},"end":{"line":122,"column":106}},"type":"cond-expr","locations":[{"start":{"line":122,"column":37},"end":{"line":122,"column":84}},{"start":{"line":122,"column":87},"end":{"line":122,"column":106}}],"line":122},"15":{"loc":{"start":{"line":124,"column":8},"end":{"line":124,"column":95}},"type":"cond-expr","locations":[{"start":{"line":124,"column":40},"end":{"line":124,"column":76}},{"start":{"line":124,"column":79},"end":{"line":124,"column":95}}],"line":124},"16":{"loc":{"start":{"line":126,"column":8},"end":{"line":126,"column":89}},"type":"cond-expr","locations":[{"start":{"line":126,"column":36},"end":{"line":126,"column":69}},{"start":{"line":126,"column":72},"end":{"line":126,"column":89}}],"line":126},"17":{"loc":{"start":{"line":128,"column":8},"end":{"line":128,"column":89}},"type":"cond-expr","locations":[{"start":{"line":128,"column":35},"end":{"line":128,"column":64}},{"start":{"line":128,"column":67},"end":{"line":128,"column":89}}],"line":128},"18":{"loc":{"start":{"line":130,"column":8},"end":{"line":130,"column":135}},"type":"cond-expr","locations":[{"start":{"line":130,"column":58},"end":{"line":130,"column":114}},{"start":{"line":130,"column":117},"end":{"line":130,"column":135}}],"line":130},"19":{"loc":{"start":{"line":132,"column":8},"end":{"line":140,"column":9}},"type":"if","locations":[{"start":{"line":132,"column":8},"end":{"line":140,"column":9}},{"start":{"line":132,"column":8},"end":{"line":140,"column":9}}],"line":132},"20":{"loc":{"start":{"line":133,"column":12},"end":{"line":133,"column":113}},"type":"cond-expr","locations":[{"start":{"line":133,"column":47},"end":{"line":133,"column":90}},{"start":{"line":133,"column":93},"end":{"line":133,"column":113}}],"line":133},"21":{"loc":{"start":{"line":135,"column":12},"end":{"line":135,"column":101}},"type":"cond-expr","locations":[{"start":{"line":135,"column":44},"end":{"line":135,"column":81}},{"start":{"line":135,"column":84},"end":{"line":135,"column":101}}],"line":135},"22":{"loc":{"start":{"line":137,"column":12},"end":{"line":137,"column":121}},"type":"cond-expr","locations":[{"start":{"line":137,"column":53},"end":{"line":137,"column":100}},{"start":{"line":137,"column":103},"end":{"line":137,"column":121}}],"line":137},"23":{"loc":{"start":{"line":139,"column":12},"end":{"line":139,"column":111}},"type":"cond-expr","locations":[{"start":{"line":139,"column":46},"end":{"line":139,"column":88}},{"start":{"line":139,"column":91},"end":{"line":139,"column":111}}],"line":139},"24":{"loc":{"start":{"line":176,"column":12},"end":{"line":178,"column":13}},"type":"if","locations":[{"start":{"line":176,"column":12},"end":{"line":178,"column":13}},{"start":{"line":176,"column":12},"end":{"line":178,"column":13}}],"line":176},"25":{"loc":{"start":{"line":194,"column":8},"end":{"line":205,"column":9}},"type":"if","locations":[{"start":{"line":194,"column":8},"end":{"line":205,"column":9}},{"start":{"line":194,"column":8},"end":{"line":205,"column":9}}],"line":194},"26":{"loc":{"start":{"line":194,"column":12},"end":{"line":194,"column":41}},"type":"binary-expr","locations":[{"start":{"line":194,"column":12},"end":{"line":194,"column":24}},{"start":{"line":194,"column":29},"end":{"line":194,"column":41}}],"line":194},"27":{"loc":{"start":{"line":198,"column":13},"end":{"line":205,"column":9}},"type":"if","locations":[{"start":{"line":198,"column":13},"end":{"line":205,"column":9}},{"start":{"line":198,"column":13},"end":{"line":205,"column":9}}],"line":198},"28":{"loc":{"start":{"line":198,"column":16},"end":{"line":198,"column":54}},"type":"binary-expr","locations":[{"start":{"line":198,"column":16},"end":{"line":198,"column":38}},{"start":{"line":198,"column":42},"end":{"line":198,"column":54}}],"line":198},"29":{"loc":{"start":{"line":202,"column":13},"end":{"line":205,"column":9}},"type":"if","locations":[{"start":{"line":202,"column":13},"end":{"line":205,"column":9}},{"start":{"line":202,"column":13},"end":{"line":205,"column":9}}],"line":202},"30":{"loc":{"start":{"line":202,"column":16},"end":{"line":202,"column":44}},"type":"binary-expr","locations":[{"start":{"line":202,"column":16},"end":{"line":202,"column":28}},{"start":{"line":202,"column":32},"end":{"line":202,"column":44}}],"line":202},"31":{"loc":{"start":{"line":216,"column":12},"end":{"line":218,"column":13}},"type":"if","locations":[{"start":{"line":216,"column":12},"end":{"line":218,"column":13}},{"start":{"line":216,"column":12},"end":{"line":218,"column":13}}],"line":216},"32":{"loc":{"start":{"line":230,"column":12},"end":{"line":234,"column":13}},"type":"if","locations":[{"start":{"line":230,"column":12},"end":{"line":234,"column":13}},{"start":{"line":230,"column":12},"end":{"line":234,"column":13}}],"line":230}},"s":{"0":1,"1":1,"2":1,"3":0,"4":0,"5":0,"6":0,"7":0,"8":0,"9":0,"10":0,"11":0,"12":0,"13":0,"14":0,"15":0,"16":0,"17":0,"18":0,"19":0,"20":0,"21":0,"22":0,"23":0,"24":0,"25":0,"26":0,"27":0,"28":0,"29":0,"30":0,"31":0,"32":0,"33":0,"34":0,"35":0,"36":0,"37":0,"38":0,"39":0,"40":0,"41":0,"42":0,"43":0,"44":0,"45":0,"46":0,"47":0,"48":0,"49":0,"50":0,"51":0,"52":0,"53":0,"54":0,"55":0,"56":0,"57":0,"58":0,"59":0,"60":0,"61":0,"62":0,"63":0,"64":0,"65":0,"66":0,"67":0,"68":0,"69":0,"70":0,"71":0,"72":0,"73":0,"74":0,"75":0,"76":0,"77":0,"78":0,"79":0,"80":0,"81":0,"82":0,"83":0,"84":0,"85":0,"86":0,"87":0,"88":0,"89":0,"90":0,"91":0,"92":0,"93":0,"94":0,"95":0,"96":0,"97":0,"98":0,"99":0,"100":0,"101":0,"102":0,"103":0,"104":0,"105":0,"106":0,"107":0,"108":1},"f":{"0":0,"1":0,"2":0,"3":0,"4":0,"5":0,"6":0,"7":0,"8":0,"9":0,"10":0},"b":{"0":[0,0],"1":[0,0],"2":[0,0],"3":[0,0],"4":[0,0],"5":[0,0],"6":[0,0],"7":[0,0],"8":[0,0],"9":[0,0],"10":[0,0],"11":[0,0],"12":[0,0],"13":[0,0],"14":[0,0],"15":[0,0],"16":[0,0],"17":[0,0],"18":[0,0],"19":[0,0],"20":[0,0],"21":[0,0],"22":[0,0],"23":[0,0],"24":[0,0],"25":[0,0],"26":[0,0],"27":[0,0],"28":[0,0],"29":[0,0],"30":[0,0],"31":[0,0],"32":[0,0]},"_coverageSchema":"43e27e138ebf9cfc5966b082cf9a028302ed4184","hash":"9fc5efade704e0ad4deafb441f9ae097bcad6540"}
,"C:\\Users\\shwet\\Desktop\\ASEProject\\ReadySetRun\\routes\\data\\runningGroupData.js": {"path":"C:\\Users\\shwet\\Desktop\\ASEProject\\ReadySetRun\\routes\\data\\runningGroupData.js","statementMap":{"0":{"start":{"line":1,"column":13},"end":{"line":1,"column":77}},"1":{"start":{"line":2,"column":11},"end":{"line":2,"column":24}},"2":{"start":{"line":5,"column":4},"end":{"line":5,"column":29}},"3":{"start":{"line":6,"column":4},"end":{"line":6,"column":45}},"4":{"start":{"line":7,"column":4},"end":{"line":7,"column":41}},"5":{"start":{"line":8,"column":4},"end":{"line":12,"column":5}},"6":{"start":{"line":9,"column":8},"end":{"line":9,"column":92}},"7":{"start":{"line":10,"column":8},"end":{"line":10,"column":59}},"8":{"start":{"line":11,"column":8},"end":{"line":11,"column":151}},"9":{"start":{"line":16,"column":4},"end":{"line":18,"column":89}},"10":{"start":{"line":19,"column":4},"end":{"line":19,"column":31}},"11":{"start":{"line":22,"column":0},"end":{"line":25,"column":1}}},"fnMap":{"0":{"name":"signUp","decl":{"start":{"line":4,"column":15},"end":{"line":4,"column":21}},"loc":{"start":{"line":4,"column":39},"end":{"line":13,"column":1}},"line":4},"1":{"name":"isPartOf","decl":{"start":{"line":15,"column":15},"end":{"line":15,"column":23}},"loc":{"start":{"line":15,"column":41},"end":{"line":20,"column":1}},"line":15}},"branchMap":{"0":{"loc":{"start":{"line":8,"column":4},"end":{"line":12,"column":5}},"type":"if","locations":[{"start":{"line":8,"column":4},"end":{"line":12,"column":5}},{"start":{"line":8,"column":4},"end":{"line":12,"column":5}}],"line":8}},"s":{"0":1,"1":1,"2":0,"3":0,"4":0,"5":0,"6":0,"7":0,"8":0,"9":0,"10":0,"11":1},"f":{"0":0,"1":0},"b":{"0":[0,0]},"_coverageSchema":"43e27e138ebf9cfc5966b082cf9a028302ed4184","hash":"f5cd91e4d1d0a1f4df534a4d2e07dbfddb6e18ea"}
,"C:\\Users\\shwet\\Desktop\\ASEProject\\ReadySetRun\\routes\\data\\userData.js": {"path":"C:\\Users\\shwet\\Desktop\\ASEProject\\ReadySetRun\\routes\\data\\userData.js","statementMap":{"0":{"start":{"line":1,"column":13},"end":{"line":1,"column":77}},"1":{"start":{"line":2,"column":11},"end":{"line":2,"column":24}},"2":{"start":{"line":5,"column":4},"end":{"line":5,"column":42}},"3":{"start":{"line":6,"column":4},"end":{"line":6,"column":52}},"4":{"start":{"line":10,"column":4},"end":{"line":10,"column":42}},"5":{"start":{"line":11,"column":4},"end":{"line":11,"column":49}},"6":{"start":{"line":12,"column":4},"end":{"line":12,"column":16}},"7":{"start":{"line":16,"column":4},"end":{"line":16,"column":44}},"8":{"start":{"line":17,"column":4},"end":{"line":17,"column":48}},"9":{"start":{"line":18,"column":4},"end":{"line":18,"column":28}},"10":{"start":{"line":19,"column":4},"end":{"line":19,"column":16}},"11":{"start":{"line":23,"column":4},"end":{"line":23,"column":44}},"12":{"start":{"line":24,"column":4},"end":{"line":56,"column":2}},"13":{"start":{"line":28,"column":12},"end":{"line":55,"column":6}},"14":{"start":{"line":32,"column":12},"end":{"line":32,"column":36}},"15":{"start":{"line":33,"column":12},"end":{"line":33,"column":26}},"16":{"start":{"line":36,"column":12},"end":{"line":54,"column":10}},"17":{"start":{"line":40,"column":12},"end":{"line":40,"column":40}},"18":{"start":{"line":41,"column":12},"end":{"line":41,"column":24}},"19":{"start":{"line":43,"column":12},"end":{"line":53,"column":14}},"20":{"start":{"line":47,"column":20},"end":{"line":47,"column":50}},"21":{"start":{"line":48,"column":16},"end":{"line":48,"column":74}},"22":{"start":{"line":49,"column":16},"end":{"line":52,"column":17}},"23":{"start":{"line":50,"column":20},"end":{"line":50,"column":59}},"24":{"start":{"line":51,"column":20},"end":{"line":51,"column":79}},"25":{"start":{"line":59,"column":0},"end":{"line":64,"column":2}}},"fnMap":{"0":{"name":"clearUserLoggedIn","decl":{"start":{"line":4,"column":9},"end":{"line":4,"column":26}},"loc":{"start":{"line":4,"column":28},"end":{"line":7,"column":1}},"line":4},"1":{"name":"getUserLoggedIn","decl":{"start":{"line":9,"column":9},"end":{"line":9,"column":24}},"loc":{"start":{"line":9,"column":26},"end":{"line":13,"column":1}},"line":9},"2":{"name":"getUserInfo","decl":{"start":{"line":15,"column":9},"end":{"line":15,"column":20}},"loc":{"start":{"line":15,"column":22},"end":{"line":20,"column":1}},"line":15},"3":{"name":"UserInfo","decl":{"start":{"line":22,"column":9},"end":{"line":22,"column":17}},"loc":{"start":{"line":22,"column":28},"end":{"line":57,"column":1}},"line":22},"4":{"name":"(anonymous_4)","decl":{"start":{"line":27,"column":14},"end":{"line":27,"column":15}},"loc":{"start":{"line":27,"column":22},"end":{"line":56,"column":1}},"line":27},"5":{"name":"(anonymous_5)","decl":{"start":{"line":31,"column":14},"end":{"line":31,"column":15}},"loc":{"start":{"line":31,"column":23},"end":{"line":34,"column":9}},"line":31},"6":{"name":"(anonymous_6)","decl":{"start":{"line":35,"column":14},"end":{"line":35,"column":15}},"loc":{"start":{"line":35,"column":22},"end":{"line":55,"column":5}},"line":35},"7":{"name":"(anonymous_7)","decl":{"start":{"line":39,"column":14},"end":{"line":39,"column":15}},"loc":{"start":{"line":39,"column":21},"end":{"line":42,"column":9}},"line":39},"8":{"name":"(anonymous_8)","decl":{"start":{"line":42,"column":16},"end":{"line":42,"column":17}},"loc":{"start":{"line":42,"column":24},"end":{"line":54,"column":9}},"line":42},"9":{"name":"(anonymous_9)","decl":{"start":{"line":46,"column":22},"end":{"line":46,"column":23}},"loc":{"start":{"line":46,"column":33},"end":{"line":53,"column":13}},"line":46}},"branchMap":{"0":{"loc":{"start":{"line":49,"column":16},"end":{"line":52,"column":17}},"type":"if","locations":[{"start":{"line":49,"column":16},"end":{"line":52,"column":17}},{"start":{"line":49,"column":16},"end":{"line":52,"column":17}}],"line":49}},"s":{"0":4,"1":4,"2":0,"3":0,"4":0,"5":0,"6":0,"7":0,"8":0,"9":0,"10":0,"11":0,"12":0,"13":0,"14":0,"15":0,"16":0,"17":0,"18":0,"19":0,"20":0,"21":0,"22":0,"23":0,"24":0,"25":4},"f":{"0":0,"1":0,"2":0,"3":0,"4":0,"5":0,"6":0,"7":0,"8":0,"9":0},"b":{"0":[0,0]},"_coverageSchema":"43e27e138ebf9cfc5966b082cf9a028302ed4184","hash":"4afd04547f0c6918aca4c2d0d343d98cde6eb74f"}
,"C:\\Users\\shwet\\Desktop\\ASEProject\\ReadySetRun\\views\\public\\javascript\\searchResults.js": {"path":"C:\\Users\\shwet\\Desktop\\ASEProject\\ReadySetRun\\views\\public\\javascript\\searchResults.js","statementMap":{"0":{"start":{"line":2,"column":2},"end":{"line":2,"column":14}},"1":{"start":{"line":3,"column":2},"end":{"line":7,"column":3}},"2":{"start":{"line":3,"column":15},"end":{"line":3,"column":16}},"3":{"start":{"line":4,"column":4},"end":{"line":6,"column":5}},"4":{"start":{"line":5,"column":6},"end":{"line":5,"column":27}},"5":{"start":{"line":8,"column":2},"end":{"line":8,"column":17}},"6":{"start":{"line":12,"column":2},"end":{"line":12,"column":13}},"7":{"start":{"line":14,"column":2},"end":{"line":16,"column":3}},"8":{"start":{"line":14,"column":15},"end":{"line":14,"column":16}},"9":{"start":{"line":15,"column":4},"end":{"line":15,"column":31}},"10":{"start":{"line":17,"column":2},"end":{"line":17,"column":28}},"11":{"start":{"line":18,"column":2},"end":{"line":18,"column":15}},"12":{"start":{"line":19,"column":2},"end":{"line":19,"column":15}},"13":{"start":{"line":23,"column":2},"end":{"line":25,"column":3}},"14":{"start":{"line":24,"column":4},"end":{"line":24,"column":18}},"15":{"start":{"line":26,"column":2},"end":{"line":26,"column":13}},"16":{"start":{"line":27,"column":2},"end":{"line":34,"column":3}},"17":{"start":{"line":27,"column":15},"end":{"line":27,"column":16}},"18":{"start":{"line":28,"column":4},"end":{"line":30,"column":5}},"19":{"start":{"line":29,"column":6},"end":{"line":29,"column":29}},"20":{"start":{"line":31,"column":4},"end":{"line":33,"column":5}},"21":{"start":{"line":32,"column":6},"end":{"line":32,"column":29}},"22":{"start":{"line":35,"column":2},"end":{"line":35,"column":26}},"23":{"start":{"line":39,"column":2},"end":{"line":41,"column":3}},"24":{"start":{"line":40,"column":4},"end":{"line":40,"column":18}},"25":{"start":{"line":42,"column":2},"end":{"line":42,"column":13}},"26":{"start":{"line":43,"column":2},"end":{"line":43,"column":36}},"27":{"start":{"line":44,"column":2},"end":{"line":49,"column":3}},"28":{"start":{"line":44,"column":15},"end":{"line":44,"column":16}},"29":{"start":{"line":45,"column":4},"end":{"line":45,"column":54}},"30":{"start":{"line":46,"column":4},"end":{"line":48,"column":5}},"31":{"start":{"line":47,"column":6},"end":{"line":47,"column":29}},"32":{"start":{"line":50,"column":2},"end":{"line":50,"column":26}},"33":{"start":{"line":53,"column":0},"end":{"line":57,"column":1}}},"fnMap":{"0":{"name":"getUnique","decl":{"start":{"line":1,"column":9},"end":{"line":1,"column":18}},"loc":{"start":{"line":1,"column":24},"end":{"line":9,"column":1}},"line":1},"1":{"name":"getStates","decl":{"start":{"line":11,"column":9},"end":{"line":11,"column":18}},"loc":{"start":{"line":11,"column":25},"end":{"line":20,"column":1}},"line":11},"2":{"name":"getFiltered","decl":{"start":{"line":22,"column":9},"end":{"line":22,"column":20}},"loc":{"start":{"line":22,"column":43},"end":{"line":36,"column":1}},"line":22},"3":{"name":"getFilteredUsers","decl":{"start":{"line":38,"column":9},"end":{"line":38,"column":25}},"loc":{"start":{"line":38,"column":41},"end":{"line":51,"column":1}},"line":38}},"branchMap":{"0":{"loc":{"start":{"line":4,"column":4},"end":{"line":6,"column":5}},"type":"if","locations":[{"start":{"line":4,"column":4},"end":{"line":6,"column":5}},{"start":{"line":4,"column":4},"end":{"line":6,"column":5}}],"line":4},"1":{"loc":{"start":{"line":23,"column":2},"end":{"line":25,"column":3}},"type":"if","locations":[{"start":{"line":23,"column":2},"end":{"line":25,"column":3}},{"start":{"line":23,"column":2},"end":{"line":25,"column":3}}],"line":23},"2":{"loc":{"start":{"line":23,"column":6},"end":{"line":23,"column":49}},"type":"binary-expr","locations":[{"start":{"line":23,"column":6},"end":{"line":23,"column":27}},{"start":{"line":23,"column":31},"end":{"line":23,"column":49}}],"line":23},"3":{"loc":{"start":{"line":28,"column":4},"end":{"line":30,"column":5}},"type":"if","locations":[{"start":{"line":28,"column":4},"end":{"line":30,"column":5}},{"start":{"line":28,"column":4},"end":{"line":30,"column":5}}],"line":28},"4":{"loc":{"start":{"line":28,"column":8},"end":{"line":28,"column":51}},"type":"binary-expr","locations":[{"start":{"line":28,"column":8},"end":{"line":28,"column":22}},{"start":{"line":28,"column":26},"end":{"line":28,"column":51}}],"line":28},"5":{"loc":{"start":{"line":31,"column":4},"end":{"line":33,"column":5}},"type":"if","locations":[{"start":{"line":31,"column":4},"end":{"line":33,"column":5}},{"start":{"line":31,"column":4},"end":{"line":33,"column":5}}],"line":31},"6":{"loc":{"start":{"line":31,"column":8},"end":{"line":31,"column":82}},"type":"binary-expr","locations":[{"start":{"line":31,"column":8},"end":{"line":31,"column":19}},{"start":{"line":31,"column":23},"end":{"line":31,"column":82}}],"line":31},"7":{"loc":{"start":{"line":39,"column":2},"end":{"line":41,"column":3}},"type":"if","locations":[{"start":{"line":39,"column":2},"end":{"line":41,"column":3}},{"start":{"line":39,"column":2},"end":{"line":41,"column":3}}],"line":39},"8":{"loc":{"start":{"line":46,"column":4},"end":{"line":48,"column":5}},"type":"if","locations":[{"start":{"line":46,"column":4},"end":{"line":48,"column":5}},{"start":{"line":46,"column":4},"end":{"line":48,"column":5}}],"line":46}},"s":{"0":0,"1":0,"2":0,"3":0,"4":0,"5":0,"6":0,"7":0,"8":0,"9":0,"10":0,"11":0,"12":0,"13":0,"14":0,"15":0,"16":0,"17":0,"18":0,"19":0,"20":0,"21":0,"22":0,"23":0,"24":0,"25":0,"26":0,"27":0,"28":0,"29":0,"30":0,"31":0,"32":0,"33":3},"f":{"0":0,"1":0,"2":0,"3":0},"b":{"0":[0,0],"1":[0,0],"2":[0,0],"3":[0,0],"4":[0,0],"5":[0,0],"6":[0,0],"7":[0,0],"8":[0,0]},"_coverageSchema":"43e27e138ebf9cfc5966b082cf9a028302ed4184","hash":"adc1178a1438e6aba18f8d560948d65aed2c8c9f"}
}
