TN:
SF:C:\Users\shwet\Desktop\ASEProject\ReadySetRun\bookshelf.js
FNF:0
FNH:0
DA:1,4
DA:2,4
DA:3,4
DA:6,4
LF:4
LH:4
BRF:0
BRH:0
end_of_record
TN:
SF:C:\Users\shwet\Desktop\ASEProject\ReadySetRun\knexfile.js
FNF:0
FNH:0
DA:3,4
LF:1
LH:1
BRF:0
BRH:0
end_of_record
TN:
SF:C:\Users\shwet\Desktop\ASEProject\ReadySetRun\db\ready_race_run.js
FN:7,(anonymous_0)
FN:14,(anonymous_1)
FN:20,(anonymous_2)
FN:32,(anonymous_3)
FNF:4
FNH:0
FNDA:0,(anonymous_0)
FNDA:0,(anonymous_1)
FNDA:0,(anonymous_2)
FNDA:0,(anonymous_3)
DA:1,4
DA:2,4
DA:5,4
DA:8,0
DA:12,4
DA:15,0
DA:18,4
DA:21,0
DA:24,4
DA:27,4
DA:30,4
DA:33,0
DA:36,4
LF:13
LH:9
BRF:0
BRH:0
end_of_record
TN:
SF:C:\Users\shwet\Desktop\ASEProject\ReadySetRun\routes\index.js
FN:8,(anonymous_0)
FN:13,(anonymous_1)
FN:18,(anonymous_2)
FN:21,(anonymous_3)
FN:25,(anonymous_4)
FN:31,(anonymous_5)
FN:33,(anonymous_6)
FN:37,(anonymous_7)
FN:43,(anonymous_8)
FN:45,(anonymous_9)
FN:49,(anonymous_10)
FN:55,(anonymous_11)
FN:57,(anonymous_12)
FN:63,(anonymous_13)
FNF:14
FNH:0
FNDA:0,(anonymous_0)
FNDA:0,(anonymous_1)
FNDA:0,(anonymous_2)
FNDA:0,(anonymous_3)
FNDA:0,(anonymous_4)
FNDA:0,(anonymous_5)
FNDA:0,(anonymous_6)
FNDA:0,(anonymous_7)
FNDA:0,(anonymous_8)
FNDA:0,(anonymous_9)
FNDA:0,(anonymous_10)
FNDA:0,(anonymous_11)
FNDA:0,(anonymous_12)
FNDA:0,(anonymous_13)
DA:1,1
DA:2,1
DA:3,1
DA:4,1
DA:5,1
DA:8,1
DA:9,0
DA:10,0
DA:13,1
DA:14,0
DA:15,0
DA:18,1
DA:19,0
DA:22,0
DA:23,0
DA:26,0
DA:27,0
DA:31,1
DA:32,0
DA:34,0
DA:35,0
DA:38,0
DA:39,0
DA:43,1
DA:44,0
DA:46,0
DA:47,0
DA:50,0
DA:51,0
DA:55,1
DA:56,0
DA:58,0
DA:59,0
DA:60,0
DA:64,0
DA:65,0
DA:70,1
LF:37
LH:12
BRF:0
BRH:0
end_of_record
TN:
SF:C:\Users\shwet\Desktop\ASEProject\ReadySetRun\routes\race.js
FN:9,(anonymous_0)
FN:18,(anonymous_1)
FN:32,(anonymous_2)
FN:38,(anonymous_3)
FN:54,(anonymous_4)
FN:59,(anonymous_5)
FN:65,(anonymous_6)
FN:69,(anonymous_7)
FN:73,(anonymous_8)
FN:79,(anonymous_9)
FN:82,(anonymous_10)
FN:88,(anonymous_11)
FN:91,(anonymous_12)
FNF:13
FNH:0
FNDA:0,(anonymous_0)
FNDA:0,(anonymous_1)
FNDA:0,(anonymous_2)
FNDA:0,(anonymous_3)
FNDA:0,(anonymous_4)
FNDA:0,(anonymous_5)
FNDA:0,(anonymous_6)
FNDA:0,(anonymous_7)
FNDA:0,(anonymous_8)
FNDA:0,(anonymous_9)
FNDA:0,(anonymous_10)
FNDA:0,(anonymous_11)
FNDA:0,(anonymous_12)
DA:1,1
DA:2,1
DA:3,1
DA:4,1
DA:5,1
DA:6,1
DA:7,1
DA:9,1
DA:10,0
DA:11,0
DA:12,0
DA:13,0
DA:15,0
DA:18,1
DA:19,0
DA:20,0
DA:22,0
DA:23,0
DA:24,0
DA:26,0
DA:32,1
DA:33,0
DA:34,0
DA:35,0
DA:38,1
DA:39,0
DA:40,0
DA:41,0
DA:43,0
DA:52,0
DA:55,0
DA:56,0
DA:57,0
DA:60,0
DA:61,0
DA:65,1
DA:66,0
DA:67,0
DA:70,0
DA:71,0
DA:74,0
DA:75,0
DA:79,1
DA:80,0
DA:83,0
DA:84,0
DA:86,0
DA:89,0
DA:92,0
DA:93,0
DA:98,1
LF:51
LH:14
BRDA:83,0,0,0
BRDA:83,0,1,0
BRF:2
BRH:0
end_of_record
TN:
SF:C:\Users\shwet\Desktop\ASEProject\ReadySetRun\routes\running_group.js
FN:8,(anonymous_0)
FN:10,(anonymous_1)
FN:15,(anonymous_2)
FN:21,(anonymous_3)
FN:23,(anonymous_4)
FN:31,(anonymous_5)
FN:37,(anonymous_6)
FN:40,(anonymous_7)
FN:46,(anonymous_8)
FN:52,(anonymous_9)
FN:55,(anonymous_10)
FN:59,(anonymous_11)
FN:65,(anonymous_12)
FN:71,(anonymous_13)
FN:74,(anonymous_14)
FN:80,(anonymous_15)
FN:83,(anonymous_16)
FNF:17
FNH:0
FNDA:0,(anonymous_0)
FNDA:0,(anonymous_1)
FNDA:0,(anonymous_2)
FNDA:0,(anonymous_3)
FNDA:0,(anonymous_4)
FNDA:0,(anonymous_5)
FNDA:0,(anonymous_6)
FNDA:0,(anonymous_7)
FNDA:0,(anonymous_8)
FNDA:0,(anonymous_9)
FNDA:0,(anonymous_10)
FNDA:0,(anonymous_11)
FNDA:0,(anonymous_12)
FNDA:0,(anonymous_13)
FNDA:0,(anonymous_14)
FNDA:0,(anonymous_15)
FNDA:0,(anonymous_16)
DA:1,1
DA:2,1
DA:3,1
DA:4,1
DA:5,1
DA:6,1
DA:8,1
DA:9,0
DA:11,0
DA:12,0
DA:13,0
DA:16,0
DA:17,0
DA:21,1
DA:22,0
DA:24,0
DA:25,0
DA:26,0
DA:32,0
DA:33,0
DA:37,1
DA:38,0
DA:41,0
DA:42,0
DA:43,0
DA:44,0
DA:47,0
DA:48,0
DA:52,1
DA:53,0
DA:56,0
DA:57,0
DA:60,0
DA:61,0
DA:65,1
DA:66,0
DA:67,0
DA:68,0
DA:71,1
DA:72,0
DA:75,0
DA:76,0
DA:78,0
DA:81,0
DA:84,0
DA:85,0
DA:90,1
LF:47
LH:13
BRDA:75,0,0,0
BRDA:75,0,1,0
BRF:2
BRH:0
end_of_record
TN:
SF:C:\Users\shwet\Desktop\ASEProject\ReadySetRun\routes\user.js
FN:6,(anonymous_0)
FN:9,(anonymous_1)
FN:15,(anonymous_2)
FN:21,(anonymous_3)
FN:24,(anonymous_4)
FN:29,(anonymous_5)
FN:35,(anonymous_6)
FN:38,(anonymous_7)
FN:47,(anonymous_8)
FN:53,(anonymous_9)
FN:56,(anonymous_10)
FN:65,(anonymous_11)
FN:71,(anonymous_12)
FN:77,(anonymous_13)
FN:80,(anonymous_14)
FN:86,(anonymous_15)
FN:91,(anonymous_16)
FNF:17
FNH:0
FNDA:0,(anonymous_0)
FNDA:0,(anonymous_1)
FNDA:0,(anonymous_2)
FNDA:0,(anonymous_3)
FNDA:0,(anonymous_4)
FNDA:0,(anonymous_5)
FNDA:0,(anonymous_6)
FNDA:0,(anonymous_7)
FNDA:0,(anonymous_8)
FNDA:0,(anonymous_9)
FNDA:0,(anonymous_10)
FNDA:0,(anonymous_11)
FNDA:0,(anonymous_12)
FNDA:0,(anonymous_13)
FNDA:0,(anonymous_14)
FNDA:0,(anonymous_15)
FNDA:0,(anonymous_16)
DA:1,1
DA:2,1
DA:3,1
DA:4,1
DA:6,1
DA:7,0
DA:10,0
DA:11,0
DA:12,0
DA:13,0
DA:16,0
DA:17,0
DA:21,1
DA:22,0
DA:25,0
DA:26,0
DA:27,0
DA:30,0
DA:31,0
DA:35,1
DA:36,0
DA:39,0
DA:40,0
DA:42,0
DA:43,0
DA:44,0
DA:48,0
DA:49,0
DA:53,1
DA:54,0
DA:57,0
DA:58,0
DA:60,0
DA:61,0
DA:62,0
DA:66,0
DA:67,0
DA:71,1
DA:72,0
DA:73,0
DA:74,0
DA:77,1
DA:78,0
DA:81,0
DA:82,0
DA:84,0
DA:87,0
DA:88,0
DA:89,0
DA:92,0
DA:93,0
DA:101,1
DA:102,1
DA:103,1
DA:104,1
DA:105,1
DA:106,1
DA:107,1
LF:58
LH:17
BRDA:39,0,0,0
BRDA:39,0,1,0
BRDA:57,1,0,0
BRDA:57,1,1,0
BRDA:81,2,0,0
BRDA:81,2,1,0
BRF:6
BRH:0
end_of_record
TN:
SF:C:\Users\shwet\Desktop\ASEProject\ReadySetRun\routes\data\raceData.js
FN:5,abbrState
FN:63,(anonymous_1)
FN:79,getDateTime
FN:89,getImages
FN:96,getDistances
FN:108,resultFormat
FN:145,getSingleRaceDetail
FN:158,getRecommendation
FN:188,getRaceDetails
FN:227,sortDates
FN:241,isPartOf
FNF:11
FNH:0
FNDA:0,abbrState
FNDA:0,(anonymous_1)
FNDA:0,getDateTime
FNDA:0,getImages
FNDA:0,getDistances
FNDA:0,resultFormat
FNDA:0,getSingleRaceDetail
FNDA:0,getRecommendation
FNDA:0,getRaceDetails
FNDA:0,sortDates
FNDA:0,isPartOf
DA:1,1
DA:2,1
DA:3,1
DA:7,0
DA:62,0
DA:63,0
DA:64,0
DA:65,0
DA:66,0
DA:69,0
DA:70,0
DA:71,0
DA:72,0
DA:73,0
DA:80,0
DA:81,0
DA:82,0
DA:83,0
DA:84,0
DA:85,0
DA:86,0
DA:90,0
DA:91,0
DA:93,0
DA:97,0
DA:98,0
DA:99,0
DA:101,0
DA:102,0
DA:105,0
DA:109,0
DA:110,0
DA:111,0
DA:112,0
DA:116,0
DA:120,0
DA:122,0
DA:124,0
DA:126,0
DA:128,0
DA:130,0
DA:132,0
DA:133,0
DA:135,0
DA:137,0
DA:139,0
DA:142,0
DA:146,0
DA:147,0
DA:148,0
DA:150,0
DA:151,0
DA:153,0
DA:159,0
DA:160,0
DA:161,0
DA:162,0
DA:163,0
DA:165,0
DA:167,0
DA:169,0
DA:170,0
DA:172,0
DA:173,0
DA:174,0
DA:176,0
DA:177,0
DA:180,0
DA:181,0
DA:182,0
DA:184,0
DA:189,0
DA:190,0
DA:191,0
DA:192,0
DA:194,0
DA:195,0
DA:196,0
DA:198,0
DA:199,0
DA:200,0
DA:202,0
DA:203,0
DA:204,0
DA:210,0
DA:212,0
DA:213,0
DA:214,0
DA:216,0
DA:217,0
DA:220,0
DA:221,0
DA:223,0
DA:228,0
DA:229,0
DA:230,0
DA:231,0
DA:232,0
DA:233,0
DA:238,0
DA:242,0
DA:245,0
DA:248,1
LF:103
LH:4
BRDA:62,0,0,0
BRDA:62,0,1,0
BRDA:65,1,0,0
BRDA:65,1,1,0
BRDA:69,2,0,0
BRDA:69,2,1,0
BRDA:72,3,0,0
BRDA:72,3,1,0
BRDA:83,4,0,0
BRDA:83,4,1,0
BRDA:85,5,0,0
BRDA:85,5,1,0
BRDA:90,6,0,0
BRDA:90,6,1,0
BRDA:101,7,0,0
BRDA:101,7,1,0
BRDA:101,8,0,0
BRDA:101,8,1,0
BRDA:111,9,0,0
BRDA:111,9,1,0
BRDA:111,10,0,0
BRDA:111,10,1,0
BRDA:112,11,0,0
BRDA:112,11,1,0
BRDA:116,12,0,0
BRDA:116,12,1,0
BRDA:120,13,0,0
BRDA:120,13,1,0
BRDA:122,14,0,0
BRDA:122,14,1,0
BRDA:124,15,0,0
BRDA:124,15,1,0
BRDA:126,16,0,0
BRDA:126,16,1,0
BRDA:128,17,0,0
BRDA:128,17,1,0
BRDA:130,18,0,0
BRDA:130,18,1,0
BRDA:132,19,0,0
BRDA:132,19,1,0
BRDA:133,20,0,0
BRDA:133,20,1,0
BRDA:135,21,0,0
BRDA:135,21,1,0
BRDA:137,22,0,0
BRDA:137,22,1,0
BRDA:139,23,0,0
BRDA:139,23,1,0
BRDA:176,24,0,0
BRDA:176,24,1,0
BRDA:194,25,0,0
BRDA:194,25,1,0
BRDA:194,26,0,0
BRDA:194,26,1,0
BRDA:198,27,0,0
BRDA:198,27,1,0
BRDA:198,28,0,0
BRDA:198,28,1,0
BRDA:202,29,0,0
BRDA:202,29,1,0
BRDA:202,30,0,0
BRDA:202,30,1,0
BRDA:216,31,0,0
BRDA:216,31,1,0
BRDA:230,32,0,0
BRDA:230,32,1,0
BRF:66
BRH:0
end_of_record
TN:
SF:C:\Users\shwet\Desktop\ASEProject\ReadySetRun\routes\data\runningGroupData.js
FN:4,signUp
FN:15,isPartOf
FNF:2
FNH:0
FNDA:0,signUp
FNDA:0,isPartOf
DA:1,1
DA:2,1
DA:5,0
DA:6,0
DA:7,0
DA:8,0
DA:9,0
DA:10,0
DA:11,0
DA:16,0
DA:19,0
DA:22,1
LF:12
LH:3
BRDA:8,0,0,0
BRDA:8,0,1,0
BRF:2
BRH:0
end_of_record
TN:
SF:C:\Users\shwet\Desktop\ASEProject\ReadySetRun\routes\data\userData.js
FN:4,clearUserLoggedIn
FN:9,getUserLoggedIn
FN:15,getUserInfo
FN:22,UserInfo
FN:27,(anonymous_4)
FN:31,(anonymous_5)
FN:35,(anonymous_6)
FN:39,(anonymous_7)
FN:42,(anonymous_8)
FN:46,(anonymous_9)
FNF:10
FNH:0
FNDA:0,clearUserLoggedIn
FNDA:0,getUserLoggedIn
FNDA:0,getUserInfo
FNDA:0,UserInfo
FNDA:0,(anonymous_4)
FNDA:0,(anonymous_5)
FNDA:0,(anonymous_6)
FNDA:0,(anonymous_7)
FNDA:0,(anonymous_8)
FNDA:0,(anonymous_9)
DA:1,4
DA:2,4
DA:5,0
DA:6,0
DA:10,0
DA:11,0
DA:12,0
DA:16,0
DA:17,0
DA:18,0
DA:19,0
DA:23,0
DA:24,0
DA:28,0
DA:32,0
DA:33,0
DA:36,0
DA:40,0
DA:41,0
DA:43,0
DA:47,0
DA:48,0
DA:49,0
DA:50,0
DA:51,0
DA:59,4
LF:26
LH:3
BRDA:49,0,0,0
BRDA:49,0,1,0
BRF:2
BRH:0
end_of_record
TN:
SF:C:\Users\shwet\Desktop\ASEProject\ReadySetRun\views\public\javascript\searchResults.js
FN:1,getUnique
FN:11,getStates
FN:22,getFiltered
FN:38,getFilteredUsers
FNF:4
FNH:0
FNDA:0,getUnique
FNDA:0,getStates
FNDA:0,getFiltered
FNDA:0,getFilteredUsers
DA:2,0
DA:3,0
DA:4,0
DA:5,0
DA:8,0
DA:12,0
DA:14,0
DA:15,0
DA:17,0
DA:18,0
DA:19,0
DA:23,0
DA:24,0
DA:26,0
DA:27,0
DA:28,0
DA:29,0
DA:31,0
DA:32,0
DA:35,0
DA:39,0
DA:40,0
DA:42,0
DA:43,0
DA:44,0
DA:45,0
DA:46,0
DA:47,0
DA:50,0
DA:53,3
LF:30
LH:1
BRDA:4,0,0,0
BRDA:4,0,1,0
BRDA:23,1,0,0
BRDA:23,1,1,0
BRDA:23,2,0,0
BRDA:23,2,1,0
BRDA:28,3,0,0
BRDA:28,3,1,0
BRDA:28,4,0,0
BRDA:28,4,1,0
BRDA:31,5,0,0
BRDA:31,5,1,0
BRDA:31,6,0,0
BRDA:31,6,1,0
BRDA:39,7,0,0
BRDA:39,7,1,0
BRDA:46,8,0,0
BRDA:46,8,1,0
BRF:18
BRH:0
end_of_record
